[2025/06/26 15:30:52   1]
INFO (1) : Сервер работает.
Ожидает консольных команд или подключения пользователя... 
Чтобы сервер завершил свою работу - введите </exit>
[2025/06/26 15:31:05   2]
НОВЫЙ УЧАСТНИК  (1) : Anton[54836]
[2025/06/26 15:31:34   3]
НОВЫЙ УЧАСТНИК  (2) : Игорь[54856]
[2025/06/26 15:32:01   4]
НОВЫЙ УЧАСТНИК  (3) : Антон[54882]
[2025/06/26 15:32:35   5]
НОВЫЙ УЧАСТНИК  (4) : pool-1-thread-1[54913]
[2025/06/26 15:32:36   6]
НОВЫЙ УЧАСТНИК  (5) : pool-1-thread-2[54915]
[2025/06/26 15:32:36   7]
НОВЫЙ УЧАСТНИК  (6) : pool-1-thread-3[54916]
[2025/06/26 15:34:35   8]
НОВЫЙ УЧАСТНИК  (7) : pool-1-thread-1[55003]
[2025/06/26 15:34:35   9]
НОВЫЙ УЧАСТНИК  (8) : pool-1-thread-2[55004]
[2025/06/26 15:34:35  10]
НОВЫЙ УЧАСТНИК  (9) : pool-1-thread-3[55005]
